<?xml version="1.0" encoding="UTF-8"?>
<testsuite name="org.hyperskill.tests.stopwatch.Stage5UnitTest" tests="8" skipped="0" failures="0" errors="0" timestamp="2025-06-17T03:42:45" hostname="Sudarshans-MacBook-Pro-2.local" time="10.505">
  <properties/>
  <testcase name="test01_CheckPermissionRequestedOnStart" classname="org.hyperskill.tests.stopwatch.Stage5UnitTest" time="8.817"/>
  <testcase name="test02_CheckCountdownTimerRunningOnPermissionGranted" classname="org.hyperskill.tests.stopwatch.Stage5UnitTest" time="0.235"/>
  <testcase name="test03_CheckCountdownTimerNotRunningOnPermissionDenied" classname="org.hyperskill.tests.stopwatch.Stage5UnitTest" time="0.257"/>
  <testcase name="test04_CheckNotificationIsNotSentBeforeTimeLimit" classname="org.hyperskill.tests.stopwatch.Stage5UnitTest" time="0.331"/>
  <testcase name="test05_CheckNotificationIsNotSentWithTimeLimitSetToZero" classname="org.hyperskill.tests.stopwatch.Stage5UnitTest" time="0.226"/>
  <testcase name="test06_CheckNotificationIsNotSentWithTimeLimitSetToNegative" classname="org.hyperskill.tests.stopwatch.Stage5UnitTest" time="0.228"/>
  <testcase name="test07_CheckNotificationIsNotSentClickingResetBeforeTimeExceeded" classname="org.hyperskill.tests.stopwatch.Stage5UnitTest" time="0.184"/>
  <testcase name="test08_CheckNotificationIsSentOnTimeLimitExceeded" classname="org.hyperskill.tests.stopwatch.Stage5UnitTest" time="0.225"/>
  <system-out><![CDATA[]]></system-out>
  <system-err><![CDATA[]]></system-err>
</testsuite>
