<?xml version="1.0" encoding="UTF-8"?>
<testsuite name="org.hyperskill.tests.stopwatch.Stage2UnitTest" tests="8" skipped="0" failures="0" errors="0" timestamp="2025-06-17T03:42:55" hostname="Sudarshans-MacBook-Pro-2.local" time="1.413">
  <properties/>
  <testcase name="checkDisplayOneMinuteInsteadOf60Seconds" classname="org.hyperskill.tests.stopwatch.Stage2UnitTest" time="0.208"/>
  <testcase name="checkCountOneSecondAfterOneSecondOnStartButtonClick" classname="org.hyperskill.tests.stopwatch.Stage2UnitTest" time="0.141"/>
  <testcase name="checkStopTimerAndResetCountOnResetButtonClick" classname="org.hyperskill.tests.stopwatch.Stage2UnitTest" time="0.135"/>
  <testcase name="checkTakeOneSecondToCountOneSecondOnStartButtonClick" classname="org.hyperskill.tests.stopwatch.Stage2UnitTest" time="0.15"/>
  <testcase name="checkContinueCountOnPressingStartButtonAgain" classname="org.hyperskill.tests.stopwatch.Stage2UnitTest" time="0.198"/>
  <testcase name="checkIgnorePressingResetButtonAgain" classname="org.hyperskill.tests.stopwatch.Stage2UnitTest" time="0.168"/>
  <testcase name="checkCheckTimerInitialValue" classname="org.hyperskill.tests.stopwatch.Stage2UnitTest" time="0.163"/>
  <testcase name="checkMinuteIsNotEarly" classname="org.hyperskill.tests.stopwatch.Stage2UnitTest" time="0.247"/>
  <system-out><![CDATA[]]></system-out>
  <system-err><![CDATA[]]></system-err>
</testsuite>
